
  .   ____          _            __ _ _
 /\\ / ___'_ __ _ _(_)_ __  __ _ \ \ \ \
( ( )\___ | '_ | '_| | '_ \/ _` | \ \ \ \
 \\/  ___)| |_)| | | | | || (_| |  ) ) ) )
  '  |____| .__|_| |_|_| |_\__, | / / / /
 =========|_|==============|___/=/_/_/_/

 :: Spring Boot ::                (v3.4.3)

2026-03-17T22:33:17.662+05:30  INFO 8936 --- [blog-application] [           main] com.bloghub.BlogApplication              : Starting BlogApplication v0.0.1-SNAPSHOT using Java 21.0.10 with PID 8936 (D:\HCL Training\PS_Project\Blog_Application\backend\target\blog-application-0.0.1-SNAPSHOT.jar started by mahar in D:\HCL Training\PS_Project\Blog_Application\backend)
2026-03-17T22:33:17.668+05:30  INFO 8936 --- [blog-application] [           main] com.bloghub.BlogApplication              : No active profile set, falling back to 1 default profile: "default"
2026-03-17T22:33:19.475+05:30  INFO 8936 --- [blog-application] [           main] .s.d.r.c.RepositoryConfigurationDelegate : Bootstrapping Spring Data JPA repositories in DEFAULT mode.
2026-03-17T22:33:19.612+05:30  INFO 8936 --- [blog-application] [           main] .s.d.r.c.RepositoryConfigurationDelegate : Finished Spring Data repository scanning in 123 ms. Found 7 JPA repository interfaces.
2026-03-17T22:33:21.964+05:30  INFO 8936 --- [blog-application] [           main] o.s.b.w.embedded.tomcat.TomcatWebServer  : Tomcat initialized with port 8080 (http)
2026-03-17T22:33:22.084+05:30  INFO 8936 --- [blog-application] [           main] o.apache.catalina.core.StandardService   : Starting service [Tomcat]
2026-03-17T22:33:22.085+05:30  INFO 8936 --- [blog-application] [           main] o.apache.catalina.core.StandardEngine    : Starting Servlet engine: [Apache Tomcat/10.1.36]
2026-03-17T22:33:22.283+05:30  INFO 8936 --- [blog-application] [           main] o.a.c.c.C.[Tomcat].[localhost].[/]       : Initializing Spring embedded WebApplicationContext
2026-03-17T22:33:22.285+05:30  INFO 8936 --- [blog-application] [           main] w.s.c.ServletWebServerApplicationContext : Root WebApplicationContext: initialization completed in 4542 ms
2026-03-17T22:33:22.852+05:30  INFO 8936 --- [blog-application] [           main] o.hibernate.jpa.internal.util.LogHelper  : HHH000204: Processing PersistenceUnitInfo [name: default]
2026-03-17T22:33:22.987+05:30  INFO 8936 --- [blog-application] [           main] org.hibernate.Version                    : HHH000412: Hibernate ORM core version 6.6.8.Final
2026-03-17T22:33:23.104+05:30  INFO 8936 --- [blog-application] [           main] o.h.c.internal.RegionFactoryInitiator    : HHH000026: Second-level cache disabled
2026-03-17T22:33:23.880+05:30  INFO 8936 --- [blog-application] [           main] o.s.o.j.p.SpringPersistenceUnitInfo      : No LoadTimeWeaver setup: ignoring JPA class transformer
2026-03-17T22:33:23.986+05:30  INFO 8936 --- [blog-application] [           main] com.zaxxer.hikari.HikariDataSource       : HikariPool-1 - Starting...
2026-03-17T22:33:25.092+05:30  INFO 8936 --- [blog-application] [           main] com.zaxxer.hikari.pool.HikariPool        : HikariPool-1 - Added connection com.mysql.cj.jdbc.ConnectionImpl@1bdafb01
2026-03-17T22:33:25.093+05:30  INFO 8936 --- [blog-application] [           main] com.zaxxer.hikari.HikariDataSource       : HikariPool-1 - Start completed.
2026-03-17T22:33:25.242+05:30  WARN 8936 --- [blog-application] [           main] org.hibernate.orm.deprecation            : HHH90000025: MySQLDialect does not need to be specified explicitly using 'hibernate.dialect' (remove the property setting and it will be selected by default)
2026-03-17T22:33:25.392+05:30  INFO 8936 --- [blog-application] [           main] org.hibernate.orm.connections.pooling    : HHH10001005: Database info:
	Database JDBC URL [Connecting through datasource 'HikariDataSource (HikariPool-1)']
	Database driver: undefined/unknown
	Database version: 8.0.44
	Autocommit mode: undefined/unknown
	Isolation level: undefined/unknown
	Minimum pool size: undefined/unknown
	Maximum pool size: undefined/unknown
2026-03-17T22:33:28.668+05:30  INFO 8936 --- [blog-application] [           main] o.h.e.t.j.p.i.JtaPlatformInitiator       : HHH000489: No JTA platform available (set 'hibernate.transaction.jta.platform' to enable JTA platform integration)
2026-03-17T22:33:28.922+05:30  INFO 8936 --- [blog-application] [           main] j.LocalContainerEntityManagerFactoryBean : Initialized JPA EntityManagerFactory for persistence unit 'default'
2026-03-17T22:33:30.307+05:30  INFO 8936 --- [blog-application] [           main] eAuthenticationProviderManagerConfigurer : Global AuthenticationManager configured with AuthenticationProvider bean with name authenticationProvider
2026-03-17T22:33:30.309+05:30  WARN 8936 --- [blog-application] [           main] r$InitializeUserDetailsManagerConfigurer : Global AuthenticationManager configured with an AuthenticationProvider bean. UserDetailsService beans will not be used by Spring Security for automatically configuring username/password login. Consider removing the AuthenticationProvider bean. Alternatively, consider using the UserDetailsService in a manually instantiated DaoAuthenticationProvider. If the current configuration is intentional, to turn off this warning, increase the logging level of 'org.springframework.security.config.annotation.authentication.configuration.InitializeUserDetailsBeanManagerConfigurer' to ERROR
2026-03-17T22:33:30.483+05:30  INFO 8936 --- [blog-application] [           main] o.s.d.j.r.query.QueryEnhancerFactory     : Hibernate is in classpath; If applicable, HQL parser will be used.
2026-03-17T22:33:34.309+05:30  WARN 8936 --- [blog-application] [           main] JpaBaseConfiguration$JpaWebConfiguration : spring.jpa.open-in-view is enabled by default. Therefore, database queries may be performed during view rendering. Explicitly configure spring.jpa.open-in-view to disable this warning
2026-03-17T22:33:35.953+05:30  INFO 8936 --- [blog-application] [           main] o.s.b.w.embedded.tomcat.TomcatWebServer  : Tomcat started on port 8080 (http) with context path '/'
2026-03-17T22:33:35.992+05:30  INFO 8936 --- [blog-application] [           main] com.bloghub.BlogApplication              : Started BlogApplication in 19.236 seconds (process running for 20.445)
Hibernate: 
    select
        count(*) 
    from
        main_categories mc1_0
